#
# There is insufficient memory for the Java Runtime Environment to continue.
# Native memory allocation (mmap) failed to map 299368448 bytes for committing reserved memory.
# Possible reasons:
#   The system is out of physical RAM or swap space
#   In 32 bit mode, the process size limit was hit
# Possible solutions:
#   Reduce memory load on the system
#   Increase physical memory or swap space
#   Check if swap backing store is full
#   Use 64 bit Java on a 64 bit OS
#   Decrease Java heap size (-Xmx/-Xms)
#   Decrease number of Java threads
#   Decrease Java thread stack sizes (-Xss)
#   Set larger code cache with -XX:ReservedCodeCacheSize=
# This output file may be truncated or incomplete.
#
#  Out of Memory Error (os_linux.cpp:2627), pid=15318, tid=0x00007fc3ec472700
#
# JRE version: OpenJDK Runtime Environment (8.0_102-b14) (build 1.8.0_102-b14)
# Java VM: OpenJDK 64-Bit Server VM (25.102-b14 mixed mode linux-amd64 compressed oops)
# Core dump written. Default location: /home/esengie/Programming/au/Kotlin/hw/HW6Bloxorz/hometask6/core or core.15318
#

---------------  T H R E A D  ---------------

Current thread (0x00007fc3e8077000):  VMThread [stack: 0x00007fc3ec372000,0x00007fc3ec473000] [id=15331]

Stack: [0x00007fc3ec372000,0x00007fc3ec473000],  sp=0x00007fc3ec4717c0,  free space=1021k
Native frames: (J=compiled Java code, j=interpreted, Vv=VM code, C=native code)
V  [libjvm.so+0xa63e00]
V  [libjvm.so+0x4c505c]
V  [libjvm.so+0x8b4210]
V  [libjvm.so+0x8ae94e]
V  [libjvm.so+0x928c5e]
V  [libjvm.so+0x91826a]
V  [libjvm.so+0x918470]
V  [libjvm.so+0x918758]
V  [libjvm.so+0x8d850a]
V  [libjvm.so+0xa65a12]
V  [libjvm.so+0xa6aa37]
V  [libjvm.so+0xa682c6]
V  [libjvm.so+0xa69646]
V  [libjvm.so+0xa69b41]
V  [libjvm.so+0x8b17d2]

VM_Operation (0x00007fc3f1b13e00): ParallelGCFailedAllocation, mode: safepoint, requested by thread 0x00007fc3e8009000


---------------  P R O C E S S  ---------------

Java Threads: ( => current thread )
  0x00007fc3e8113800 JavaThread "Monitor Ctrl-Break" daemon [_thread_in_native, id=15346, stack(0x00007fc3d8499000,0x00007fc3d859a000)]
  0x00007fc3e80bf000 JavaThread "Service Thread" daemon [_thread_blocked, id=15344, stack(0x00007fc3d8933000,0x00007fc3d8a34000)]
  0x00007fc3e80bc000 JavaThread "C1 CompilerThread2" daemon [_thread_blocked, id=15343, stack(0x00007fc3d8a34000,0x00007fc3d8b35000)]
  0x00007fc3e80ba000 JavaThread "C2 CompilerThread1" daemon [_thread_blocked, id=15342, stack(0x00007fc3d8b35000,0x00007fc3d8c36000)]
  0x00007fc3e80b7800 JavaThread "C2 CompilerThread0" daemon [_thread_blocked, id=15341, stack(0x00007fc3d8c36000,0x00007fc3d8d37000)]
  0x00007fc3e80b6000 JavaThread "Signal Dispatcher" daemon [_thread_blocked, id=15340, stack(0x00007fc3ec06f000,0x00007fc3ec170000)]
  0x00007fc3e8083000 JavaThread "Finalizer" daemon [_thread_blocked, id=15333, stack(0x00007fc3ec170000,0x00007fc3ec271000)]
  0x00007fc3e807e800 JavaThread "Reference Handler" daemon [_thread_blocked, id=15332, stack(0x00007fc3ec271000,0x00007fc3ec372000)]
  0x00007fc3e8009000 JavaThread "main" [_thread_blocked, id=15323, stack(0x00007fc3f1a16000,0x00007fc3f1b17000)]

Other Threads:
=>0x00007fc3e8077000 VMThread [stack: 0x00007fc3ec372000,0x00007fc3ec473000] [id=15331]
  0x00007fc3e80c1800 WatcherThread [stack: 0x00007fc3d8832000,0x00007fc3d8933000] [id=15345]

VM state:at safepoint (normal execution)

VM Mutex/Monitor currently owned by a thread:  ([mutex/lock_event])
[0x00007fc3e8006a10] ExpandHeap_lock - owner thread: 0x00007fc3e8077000
[0x00007fc3e8007090] Threads_lock - owner thread: 0x00007fc3e8077000
[0x00007fc3e8007590] Heap_lock - owner thread: 0x00007fc3e8009000

Heap:
 PSYoungGen      total 668160K, used 0K [0x00000000d7300000, 0x0000000100000000, 0x0000000100000000)
  eden space 667648K, 0% used [0x00000000d7300000,0x00000000d7300000,0x00000000fff00000)
  from space 512K, 0% used [0x00000000fff80000,0x00000000fff80000,0x0000000100000000)
  to   space 512K, 0% used [0x00000000fff00000,0x00000000fff00000,0x00000000fff80000)
 ParOldGen       total 1046016K, used 617059K [0x0000000085800000, 0x00000000c5580000, 0x00000000d7300000)
  object space 1046016K, 58% used [0x0000000085800000,0x00000000ab298c30,0x00000000c5580000)
 Metaspace       used 6036K, capacity 6520K, committed 6656K, reserved 1056768K
  class space    used 612K, capacity 660K, committed 768K, reserved 1048576K

Card table byte_map: [0x00007fc3ee8fd000,0x00007fc3eecd2000] byte_map_base: 0x00007fc3ee4d1000

Marking Bits: (ParMarkBitMap*) 0x00007fc3f0d23860
 Begin Bits: [0x00007fc3c82c0000, 0x00007fc3ca160000)
 End Bits:   [0x00007fc3ca160000, 0x00007fc3cc000000)

Polling page: 0x00007fc3f1b41000

CodeCache: size=245760Kb used=3041Kb max_used=3085Kb free=242718Kb
 bounds [0x00007fc3d9000000, 0x00007fc3d9310000, 0x00007fc3e8000000]
 total_blobs=1069 nmethods=767 adapters=217
 compilation: enabled

Compilation events (10 events):
Event: 1.364 Thread 0x00007fc3e80ba000 nmethod 778% 0x00007fc3d92dfc90 code [0x00007fc3d92e0040, 0x00007fc3d92e1d60]
Event: 1.364 Thread 0x00007fc3e80ba000  754       4       _GarifullinShamil.GameImpl$Standing::move (142 bytes)
Event: 1.370 Thread 0x00007fc3e80ba000 nmethod 754 0x00007fc3d92d1b10 code [0x00007fc3d92d1cc0, 0x00007fc3d92d20b0]
Event: 1.370 Thread 0x00007fc3e80ba000  753       4       _GarifullinShamil.GameImpl::parallel (173 bytes)
Event: 1.371 Thread 0x00007fc3e80ba000 nmethod 753 0x00007fc3d92d1710 code [0x00007fc3d92d1860, 0x00007fc3d92d19b8]
Event: 1.372 Thread 0x00007fc3e80ba000  748       4       java.util.HashMap::containsKey (18 bytes)
Event: 1.376 Thread 0x00007fc3e80ba000 nmethod 748 0x00007fc3d92dc690 code [0x00007fc3d92dc800, 0x00007fc3d92dcad8]
Event: 1.376 Thread 0x00007fc3e80ba000  750       4       java.util.HashMap::put (13 bytes)
Event: 1.377 Thread 0x00007fc3e80ba000 nmethod 750 0x00007fc3d92dc350 code [0x00007fc3d92dc4a0, 0x00007fc3d92dc5a8]
Event: 1.784 Thread 0x00007fc3e80b7800 nmethod 740 0x00007fc3d92ef710 code [0x00007fc3d92f03e0, 0x00007fc3d92fa670]

GC Heap History (10 events):
Event: 51.425 GC heap before
{Heap before GC invocations=70 (full 7):
 PSYoungGen      total 668160K, used 667680K [0x00000000d7300000, 0x0000000100000000, 0x0000000100000000)
  eden space 667648K, 100% used [0x00000000d7300000,0x00000000fff00000,0x00000000fff00000)
  from space 512K, 6% used [0x00000000fff80000,0x00000000fff88000,0x0000000100000000)
  to   space 512K, 0% used [0x00000000fff00000,0x00000000fff00000,0x00000000fff80000)
 ParOldGen       total 1338368K, used 1027756K [0x0000000085800000, 0x00000000d7300000, 0x00000000d7300000)
  object space 1338368K, 76% used [0x0000000085800000,0x00000000c43ab3b0,0x00000000d7300000)
 Metaspace       used 6036K, capacity 6520K, committed 6656K, reserved 1056768K
  class space    used 612K, capacity 660K, committed 768K, reserved 1048576K
Event: 51.551 GC heap after
Heap after GC invocations=70 (full 7):
 PSYoungGen      total 668160K, used 32K [0x00000000d7300000, 0x0000000100000000, 0x0000000100000000)
  eden space 667648K, 0% used [0x00000000d7300000,0x00000000d7300000,0x00000000fff00000)
  from space 512K, 6% used [0x00000000fff00000,0x00000000fff08000,0x00000000fff80000)
  to   space 512K, 0% used [0x00000000fff80000,0x00000000fff80000,0x0000000100000000)
 ParOldGen       total 1338368K, used 1027756K [0x0000000085800000, 0x00000000d7300000, 0x00000000d7300000)
  object space 1338368K, 76% used [0x0000000085800000,0x00000000c43ab3b0,0x00000000d7300000)
 Metaspace       used 6036K, capacity 6520K, committed 6656K, reserved 1056768K
  class space    used 612K, capacity 660K, committed 768K, reserved 1048576K
}
Event: 52.538 GC heap before
{Heap before GC invocations=71 (full 7):
 PSYoungGen      total 668160K, used 667680K [0x00000000d7300000, 0x0000000100000000, 0x0000000100000000)
  eden space 667648K, 100% used [0x00000000d7300000,0x00000000fff00000,0x00000000fff00000)
  from space 512K, 6% used [0x00000000fff00000,0x00000000fff08000,0x00000000fff80000)
  to   space 512K, 0% used [0x00000000fff80000,0x00000000fff80000,0x0000000100000000)
 ParOldGen       total 1338368K, used 1027756K [0x0000000085800000, 0x00000000d7300000, 0x00000000d7300000)
  object space 1338368K, 76% used [0x0000000085800000,0x00000000c43ab3b0,0x00000000d7300000)
 Metaspace       used 6036K, capacity 6520K, committed 6656K, reserved 1056768K
  class space    used 612K, capacity 660K, committed 768K, reserved 1048576K
Event: 52.679 GC heap after
Heap after GC invocations=71 (full 7):
 PSYoungGen      total 668160K, used 32K [0x00000000d7300000, 0x0000000100000000, 0x0000000100000000)
  eden space 667648K, 0% used [0x00000000d7300000,0x00000000d7300000,0x00000000fff00000)
  from space 512K, 6% used [0x00000000fff80000,0x00000000fff88000,0x0000000100000000)
  to   space 512K, 0% used [0x00000000fff00000,0x00000000fff00000,0x00000000fff80000)
 ParOldGen       total 1338368K, used 1027756K [0x0000000085800000, 0x00000000d7300000, 0x00000000d7300000)
  object space 1338368K, 76% used [0x0000000085800000,0x00000000c43ab3b0,0x00000000d7300000)
 Metaspace       used 6036K, capacity 6520K, committed 6656K, reserved 1056768K
  class space    used 612K, capacity 660K, committed 768K, reserved 1048576K
}
Event: 53.489 GC heap before
{Heap before GC invocations=72 (full 7):
 PSYoungGen      total 668160K, used 534150K [0x00000000d7300000, 0x0000000100000000, 0x0000000100000000)
  eden space 667648K, 80% used [0x00000000d7300000,0x00000000f7c999f0,0x00000000fff00000)
  from space 512K, 6% used [0x00000000fff80000,0x00000000fff88000,0x0000000100000000)
  to   space 512K, 0% used [0x00000000fff00000,0x00000000fff00000,0x00000000fff80000)
 ParOldGen       total 1338368K, used 1027756K [0x0000000085800000, 0x00000000d7300000, 0x00000000d7300000)
  object space 1338368K, 76% used [0x0000000085800000,0x00000000c43ab3b0,0x00000000d7300000)
 Metaspace       used 6036K, capacity 6520K, committed 6656K, reserved 1056768K
  class space    used 612K, capacity 660K, committed 768K, reserved 1048576K
Event: 53.626 GC heap after
Heap after GC invocations=72 (full 7):
 PSYoungGen      total 668160K, used 32K [0x00000000d7300000, 0x0000000100000000, 0x0000000100000000)
  eden space 667648K, 0% used [0x00000000d7300000,0x00000000d7300000,0x00000000fff00000)
  from space 512K, 6% used [0x00000000fff00000,0x00000000fff08000,0x00000000fff80000)
  to   space 512K, 0% used [0x00000000fff80000,0x00000000fff80000,0x0000000100000000)
 ParOldGen       total 1338368K, used 1027756K [0x0000000085800000, 0x00000000d7300000, 0x00000000d7300000)
  object space 1338368K, 76% used [0x0000000085800000,0x00000000c43ab3b0,0x00000000d7300000)
 Metaspace       used 6036K, capacity 6520K, committed 6656K, reserved 1056768K
  class space    used 612K, capacity 660K, committed 768K, reserved 1048576K
}
Event: 53.626 GC heap before
{Heap before GC invocations=73 (full 7):
 PSYoungGen      total 668160K, used 32K [0x00000000d7300000, 0x0000000100000000, 0x0000000100000000)
  eden space 667648K, 0% used [0x00000000d7300000,0x00000000d7300000,0x00000000fff00000)
  from space 512K, 6% used [0x00000000fff00000,0x00000000fff08000,0x00000000fff80000)
  to   space 512K, 0% used [0x00000000fff80000,0x00000000fff80000,0x0000000100000000)
 ParOldGen       total 1338368K, used 1027756K [0x0000000085800000, 0x00000000d7300000, 0x00000000d7300000)
  object space 1338368K, 76% used [0x0000000085800000,0x00000000c43ab3b0,0x00000000d7300000)
 Metaspace       used 6036K, capacity 6520K, committed 6656K, reserved 1056768K
  class space    used 612K, capacity 660K, committed 768K, reserved 1048576K
Event: 53.788 GC heap after
Heap after GC invocations=73 (full 7):
 PSYoungGen      total 668160K, used 32K [0x00000000d7300000, 0x0000000100000000, 0x0000000100000000)
  eden space 667648K, 0% used [0x00000000d7300000,0x00000000d7300000,0x00000000fff00000)
  from space 512K, 6% used [0x00000000fff80000,0x00000000fff88000,0x0000000100000000)
  to   space 512K, 0% used [0x00000000fff00000,0x00000000fff00000,0x00000000fff80000)
 ParOldGen       total 1338368K, used 1027756K [0x0000000085800000, 0x00000000d7300000, 0x00000000d7300000)
  object space 1338368K, 76% used [0x0000000085800000,0x00000000c43ab3b0,0x00000000d7300000)
 Metaspace       used 6036K, capacity 6520K, committed 6656K, reserved 1056768K
  class space    used 612K, capacity 660K, committed 768K, reserved 1048576K
}
Event: 53.788 GC heap before
{Heap before GC invocations=74 (full 8):
 PSYoungGen      total 668160K, used 32K [0x00000000d7300000, 0x0000000100000000, 0x0000000100000000)
  eden space 667648K, 0% used [0x00000000d7300000,0x00000000d7300000,0x00000000fff00000)
  from space 512K, 6% used [0x00000000fff80000,0x00000000fff88000,0x0000000100000000)
  to   space 512K, 0% used [0x00000000fff00000,0x00000000fff00000,0x00000000fff80000)
 ParOldGen       total 1338368K, used 1027756K [0x0000000085800000, 0x00000000d7300000, 0x00000000d7300000)
  object space 1338368K, 76% used [0x0000000085800000,0x00000000c43ab3b0,0x00000000d7300000)
 Metaspace       used 6036K, capacity 6520K, committed 6656K, reserved 1056768K
  class space    used 612K, capacity 660K, committed 768K, reserved 1048576K
Event: 55.359 GC heap after
Heap after GC invocations=74 (full 8):
 PSYoungGen      total 668160K, used 0K [0x00000000d7300000, 0x0000000100000000, 0x0000000100000000)
  eden space 667648K, 0% used [0x00000000d7300000,0x00000000d7300000,0x00000000fff00000)
  from space 512K, 0% used [0x00000000fff80000,0x00000000fff80000,0x0000000100000000)
  to   space 512K, 0% used [0x00000000fff00000,0x00000000fff00000,0x00000000fff80000)
 ParOldGen       total 1046016K, used 617059K [0x0000000085800000, 0x00000000c5580000, 0x00000000d7300000)
  object space 1046016K, 58% used [0x0000000085800000,0x00000000ab298c30,0x00000000c5580000)
 Metaspace       used 6036K, capacity 6520K, committed 6656K, reserved 1056768K
  class space    used 612K, capacity 660K, committed 768K, reserved 1048576K
}

Deoptimization events (0 events):
No events

Internal exceptions (9 events):
Event: 0.061 Thread 0x00007fc3e8009000 Exception <a 'java/lang/NoSuchMethodError': Method sun.misc.Unsafe.defineClass(Ljava/lang/String;[BII)Ljava/lang/Class; name or signature does not match> (0x00000000d7307c78) thrown at [/build/java8-openjdk/src/jdk8u-jdk8u102-b14/hotspot/src/share/vm/prim
Event: 0.061 Thread 0x00007fc3e8009000 Exception <a 'java/lang/NoSuchMethodError': Method sun.misc.Unsafe.prefetchRead(Ljava/lang/Object;J)V name or signature does not match> (0x00000000d7307f60) thrown at [/build/java8-openjdk/src/jdk8u-jdk8u102-b14/hotspot/src/share/vm/prims/jni.cpp, line 40
Event: 0.523 Thread 0x00007fc3e8009000 Exception <a 'java/io/FileNotFoundException'> (0x00000000d757c328) thrown at [/build/java8-openjdk/src/jdk8u-jdk8u102-b14/hotspot/src/share/vm/prims/jni.cpp, line 709]
Event: 0.546 Thread 0x00007fc3e8009000 Exception <a 'java/security/PrivilegedActionException'> (0x00000000d75c31a0) thrown at [/build/java8-openjdk/src/jdk8u-jdk8u102-b14/hotspot/src/share/vm/prims/jvm.cpp, line 1386]
Event: 0.546 Thread 0x00007fc3e8009000 Exception <a 'java/security/PrivilegedActionException'> (0x00000000d75c33b0) thrown at [/build/java8-openjdk/src/jdk8u-jdk8u102-b14/hotspot/src/share/vm/prims/jvm.cpp, line 1386]
Event: 0.546 Thread 0x00007fc3e8009000 Exception <a 'java/security/PrivilegedActionException'> (0x00000000d75c5418) thrown at [/build/java8-openjdk/src/jdk8u-jdk8u102-b14/hotspot/src/share/vm/prims/jvm.cpp, line 1386]
Event: 0.546 Thread 0x00007fc3e8009000 Exception <a 'java/security/PrivilegedActionException'> (0x00000000d75c5628) thrown at [/build/java8-openjdk/src/jdk8u-jdk8u102-b14/hotspot/src/share/vm/prims/jvm.cpp, line 1386]
Event: 0.546 Thread 0x00007fc3e8009000 Exception <a 'java/security/PrivilegedActionException'> (0x00000000d75c6268) thrown at [/build/java8-openjdk/src/jdk8u-jdk8u102-b14/hotspot/src/share/vm/prims/jvm.cpp, line 1386]
Event: 0.546 Thread 0x00007fc3e8009000 Exception <a 'java/security/PrivilegedActionException'> (0x00000000d75c6478) thrown at [/build/java8-openjdk/src/jdk8u-jdk8u102-b14/hotspot/src/share/vm/prims/jvm.cpp, line 1386]

Events (10 events):
Event: 48.693 Executing VM operation: ParallelGCFailedAllocation done
Event: 49.510 Executing VM operation: ParallelGCFailedAllocation
Event: 49.600 Executing VM operation: ParallelGCFailedAllocation done
Event: 50.502 Executing VM operation: ParallelGCFailedAllocation
Event: 50.590 Executing VM operation: ParallelGCFailedAllocation done
Event: 51.425 Executing VM operation: ParallelGCFailedAllocation
Event: 51.552 Executing VM operation: ParallelGCFailedAllocation done
Event: 52.538 Executing VM operation: ParallelGCFailedAllocation
Event: 52.679 Executing VM operation: ParallelGCFailedAllocation done
Event: 53.489 Executing VM operation: ParallelGCFailedAllocation


Dynamic libraries:
00400000-00401000 r-xp 00000000 00:12 339091                             /usr/lib/jvm/java-8-openjdk/jre/bin/java
00600000-00601000 rw-p 00000000 00:12 339091                             /usr/lib/jvm/java-8-openjdk/jre/bin/java
02249000-0226a000 rw-p 00000000 00:00 0                                  [heap]
85800000-c5580000 rw-p 00000000 00:00 0 
d7300000-100000000 rw-p 00000000 00:00 0 
100000000-1000c0000 rw-p 00000000 00:00 0 
1000c0000-140000000 ---p 00000000 00:00 0 
7fc398000000-7fc398024000 rw-p 00000000 00:00 0 
7fc398024000-7fc39c000000 ---p 00000000 00:00 0 
7fc3a0000000-7fc3a0021000 rw-p 00000000 00:00 0 
7fc3a0021000-7fc3a4000000 ---p 00000000 00:00 0 
7fc3a4000000-7fc3a4021000 rw-p 00000000 00:00 0 
7fc3a4021000-7fc3a8000000 ---p 00000000 00:00 0 
7fc3a8000000-7fc3a85cd000 rw-p 00000000 00:00 0 
7fc3a85cd000-7fc3ac000000 ---p 00000000 00:00 0 
7fc3ac000000-7fc3ac351000 rw-p 00000000 00:00 0 
7fc3ac351000-7fc3b0000000 ---p 00000000 00:00 0 
7fc3b0000000-7fc3b0021000 rw-p 00000000 00:00 0 
7fc3b0021000-7fc3b4000000 ---p 00000000 00:00 0 
7fc3b4000000-7fc3b51ef000 rw-p 00000000 00:00 0 
7fc3b51ef000-7fc3b8000000 ---p 00000000 00:00 0 
7fc3b8000000-7fc3b8021000 rw-p 00000000 00:00 0 
7fc3b8021000-7fc3bc000000 ---p 00000000 00:00 0 
7fc3bc000000-7fc3bc021000 rw-p 00000000 00:00 0 
7fc3bc021000-7fc3c0000000 ---p 00000000 00:00 0 
7fc3c0000000-7fc3c0021000 rw-p 00000000 00:00 0 
7fc3c0021000-7fc3c4000000 ---p 00000000 00:00 0 
7fc3c4000000-7fc3c4021000 rw-p 00000000 00:00 0 
7fc3c4021000-7fc3c8000000 ---p 00000000 00:00 0 
7fc3c82c0000-7fc3cc000000 rw-p 00000000 00:00 0 
7fc3cc000000-7fc3cc021000 rw-p 00000000 00:00 0 
7fc3cc021000-7fc3d0000000 ---p 00000000 00:00 0 
7fc3d0000000-7fc3d0021000 rw-p 00000000 00:00 0 
7fc3d0021000-7fc3d4000000 ---p 00000000 00:00 0 
7fc3d4000000-7fc3d4021000 rw-p 00000000 00:00 0 
7fc3d4021000-7fc3d8000000 ---p 00000000 00:00 0 
7fc3d8282000-7fc3d8298000 r-xp 00000000 00:12 339062                     /usr/lib/jvm/java-8-openjdk/jre/lib/amd64/libnet.so
7fc3d8298000-7fc3d8498000 ---p 00016000 00:12 339062                     /usr/lib/jvm/java-8-openjdk/jre/lib/amd64/libnet.so
7fc3d8498000-7fc3d8499000 rw-p 00016000 00:12 339062                     /usr/lib/jvm/java-8-openjdk/jre/lib/amd64/libnet.so
7fc3d8499000-7fc3d849c000 ---p 00000000 00:00 0 
7fc3d849c000-7fc3d859a000 rw-p 00000000 00:00 0 
7fc3d859a000-7fc3d859b000 r-xp 00000000 00:12 332878                     /usr/share/intellij-idea-ultimate-edition/bin/libbreakgen64.so
7fc3d859b000-7fc3d879a000 ---p 00001000 00:12 332878                     /usr/share/intellij-idea-ultimate-edition/bin/libbreakgen64.so
7fc3d879a000-7fc3d879b000 r--p 00000000 00:12 332878                     /usr/share/intellij-idea-ultimate-edition/bin/libbreakgen64.so
7fc3d879b000-7fc3d879c000 rw-p 00001000 00:12 332878                     /usr/share/intellij-idea-ultimate-edition/bin/libbreakgen64.so
7fc3d879c000-7fc3d8832000 r--s 008d5000 00:12 1577614                    /usr/lib/jvm/java-8-openjdk/jre/lib/ext/jfxrt.jar
7fc3d8832000-7fc3d8833000 ---p 00000000 00:00 0 
7fc3d8833000-7fc3d8933000 rw-p 00000000 00:00 0 
7fc3d8933000-7fc3d8936000 ---p 00000000 00:00 0 
7fc3d8936000-7fc3d8a34000 rw-p 00000000 00:00 0 
7fc3d8a34000-7fc3d8a37000 ---p 00000000 00:00 0 
7fc3d8a37000-7fc3d8b35000 rw-p 00000000 00:00 0 
7fc3d8b35000-7fc3d8b38000 ---p 00000000 00:00 0 
7fc3d8b38000-7fc3d8c36000 rw-p 00000000 00:00 0 
7fc3d8c36000-7fc3d8c39000 ---p 00000000 00:00 0 
7fc3d8c39000-7fc3d8d37000 rw-p 00000000 00:00 0 
7fc3d8d37000-7fc3d9000000 r--p 00000000 00:12 34419                      /usr/lib/locale/locale-archive
7fc3d9000000-7fc3d9310000 rwxp 00000000 00:00 0 
7fc3d9310000-7fc3e8000000 ---p 00000000 00:00 0 
7fc3e8000000-7fc3e830d000 rw-p 00000000 00:00 0 
7fc3e830d000-7fc3ec000000 ---p 00000000 00:00 0 
7fc3ec025000-7fc3ec02b000 r--s 00026000 00:12 1642544                    /home/esengie/.gradle/caches/modules-2/files-2.1/org.jetbrains.kotlin/kotlin-runtime/1.0.5/67d6f90bf8ed20fcdc78a23fcdc6804749d24498/kotlin-runtime-1.0.5.jar
7fc3ec02b000-7fc3ec03e000 r--s 00346000 00:12 338998                     /usr/lib/jvm/java-8-openjdk/jre/lib/resources.jar
7fc3ec03e000-7fc3ec06f000 rw-p 00000000 00:00 0 
7fc3ec06f000-7fc3ec072000 ---p 00000000 00:00 0 
7fc3ec072000-7fc3ec170000 rw-p 00000000 00:00 0 
7fc3ec170000-7fc3ec173000 ---p 00000000 00:00 0 
7fc3ec173000-7fc3ec271000 rw-p 00000000 00:00 0 
7fc3ec271000-7fc3ec274000 ---p 00000000 00:00 0 
7fc3ec274000-7fc3ec372000 rw-p 00000000 00:00 0 
7fc3ec372000-7fc3ec373000 ---p 00000000 00:00 0 
7fc3ec373000-7fc3ed453000 rw-p 00000000 00:00 0 
7fc3ed453000-7fc3ed621000 r--s 03bf0000 00:12 338999                     /usr/lib/jvm/java-8-openjdk/jre/lib/rt.jar
7fc3ed621000-7fc3edc57000 rw-p 00000000 00:00 0 
7fc3edc57000-7fc3ede97000 ---p 00000000 00:00 0 
7fc3ede97000-7fc3ee26b000 rw-p 00000000 00:00 0 
7fc3ee26b000-7fc3ee26c000 ---p 00000000 00:00 0 
7fc3ee26c000-7fc3ee36c000 rw-p 00000000 00:00 0 
7fc3ee36c000-7fc3ee36d000 ---p 00000000 00:00 0 
7fc3ee36d000-7fc3ee46d000 rw-p 00000000 00:00 0 
7fc3ee46d000-7fc3ee46e000 ---p 00000000 00:00 0 
7fc3ee46e000-7fc3ee56e000 rw-p 00000000 00:00 0 
7fc3ee56e000-7fc3ee56f000 ---p 00000000 00:00 0 
7fc3ee56f000-7fc3ee86e000 rw-p 00000000 00:00 0 
7fc3ee86e000-7fc3ee8fd000 ---p 00000000 00:00 0 
7fc3ee8fd000-7fc3eeafc000 rw-p 00000000 00:00 0 
7fc3eeafc000-7fc3eeb8a000 ---p 00000000 00:00 0 
7fc3eeb8a000-7fc3eecd1000 rw-p 00000000 00:00 0 
7fc3eecd1000-7fc3eecdf000 rw-p 00000000 00:00 0 
7fc3eecdf000-7fc3ef092000 ---p 00000000 00:00 0 
7fc3ef092000-7fc3ef09a000 r-xp 00000000 00:12 339059                     /usr/lib/jvm/java-8-openjdk/jre/lib/amd64/libzip.so
7fc3ef09a000-7fc3ef299000 ---p 00008000 00:12 339059                     /usr/lib/jvm/java-8-openjdk/jre/lib/amd64/libzip.so
7fc3ef299000-7fc3ef29a000 rw-p 00007000 00:12 339059                     /usr/lib/jvm/java-8-openjdk/jre/lib/amd64/libzip.so
7fc3ef29a000-7fc3ef2a4000 r-xp 00000000 00:12 3772                       /usr/lib/libnss_files-2.24.so
7fc3ef2a4000-7fc3ef4a4000 ---p 0000a000 00:12 3772                       /usr/lib/libnss_files-2.24.so
7fc3ef4a4000-7fc3ef4a5000 r--p 0000a000 00:12 3772                       /usr/lib/libnss_files-2.24.so
7fc3ef4a5000-7fc3ef4a6000 rw-p 0000b000 00:12 3772                       /usr/lib/libnss_files-2.24.so
7fc3ef4a6000-7fc3ef4ac000 rw-p 00000000 00:00 0 
7fc3ef4ac000-7fc3ef4d8000 r-xp 00000000 00:12 339058                     /usr/lib/jvm/java-8-openjdk/jre/lib/amd64/libjava.so
7fc3ef4d8000-7fc3ef6d8000 ---p 0002c000 00:12 339058                     /usr/lib/jvm/java-8-openjdk/jre/lib/amd64/libjava.so
7fc3ef6d8000-7fc3ef6da000 rw-p 0002c000 00:12 339058                     /usr/lib/jvm/java-8-openjdk/jre/lib/amd64/libjava.so
7fc3ef6da000-7fc3ef6e7000 r-xp 00000000 00:12 339050                     /usr/lib/jvm/java-8-openjdk/jre/lib/amd64/libverify.so
7fc3ef6e7000-7fc3ef8e6000 ---p 0000d000 00:12 339050                     /usr/lib/jvm/java-8-openjdk/jre/lib/amd64/libverify.so
7fc3ef8e6000-7fc3ef8e8000 rw-p 0000c000 00:12 339050                     /usr/lib/jvm/java-8-openjdk/jre/lib/amd64/libverify.so
7fc3ef8e8000-7fc3ef8ef000 r-xp 00000000 00:12 3780                       /usr/lib/librt-2.24.so
7fc3ef8ef000-7fc3efaee000 ---p 00007000 00:12 3780                       /usr/lib/librt-2.24.so
7fc3efaee000-7fc3efaef000 r--p 00006000 00:12 3780                       /usr/lib/librt-2.24.so
7fc3efaef000-7fc3efaf0000 rw-p 00007000 00:12 3780                       /usr/lib/librt-2.24.so
7fc3efaf0000-7fc3efbf3000 r-xp 00000000 00:12 3777                       /usr/lib/libm-2.24.so
7fc3efbf3000-7fc3efdf2000 ---p 00103000 00:12 3777                       /usr/lib/libm-2.24.so
7fc3efdf2000-7fc3efdf3000 r--p 00102000 00:12 3777                       /usr/lib/libm-2.24.so
7fc3efdf3000-7fc3efdf4000 rw-p 00103000 00:12 3777                       /usr/lib/libm-2.24.so
7fc3efdf4000-7fc3f0a54000 r-xp 00000000 00:12 339082                     /usr/lib/jvm/java-8-openjdk/jre/lib/amd64/server/libjvm.so
7fc3f0a54000-7fc3f0c54000 ---p 00c60000 00:12 339082                     /usr/lib/jvm/java-8-openjdk/jre/lib/amd64/server/libjvm.so
7fc3f0c54000-7fc3f0d10000 rw-p 00c60000 00:12 339082                     /usr/lib/jvm/java-8-openjdk/jre/lib/amd64/server/libjvm.so
7fc3f0d10000-7fc3f0d40000 rw-p 00000000 00:00 0 
7fc3f0d40000-7fc3f0ed5000 r-xp 00000000 00:12 3719                       /usr/lib/libc-2.24.so
7fc3f0ed5000-7fc3f10d4000 ---p 00195000 00:12 3719                       /usr/lib/libc-2.24.so
7fc3f10d4000-7fc3f10d8000 r--p 00194000 00:12 3719                       /usr/lib/libc-2.24.so
7fc3f10d8000-7fc3f10da000 rw-p 00198000 00:12 3719                       /usr/lib/libc-2.24.so
7fc3f10da000-7fc3f10de000 rw-p 00000000 00:00 0 
7fc3f10de000-7fc3f10e0000 r-xp 00000000 00:12 3776                       /usr/lib/libdl-2.24.so
7fc3f10e0000-7fc3f12e0000 ---p 00002000 00:12 3776                       /usr/lib/libdl-2.24.so
7fc3f12e0000-7fc3f12e1000 r--p 00002000 00:12 3776                       /usr/lib/libdl-2.24.so
7fc3f12e1000-7fc3f12e2000 rw-p 00003000 00:12 3776                       /usr/lib/libdl-2.24.so
7fc3f12e2000-7fc3f12ef000 r-xp 00000000 00:12 339079                     /usr/lib/jvm/java-8-openjdk/jre/lib/amd64/jli/libjli.so
7fc3f12ef000-7fc3f14ee000 ---p 0000d000 00:12 339079                     /usr/lib/jvm/java-8-openjdk/jre/lib/amd64/jli/libjli.so
7fc3f14ee000-7fc3f14ef000 rw-p 0000c000 00:12 339079                     /usr/lib/jvm/java-8-openjdk/jre/lib/amd64/jli/libjli.so
7fc3f14ef000-7fc3f1504000 r-xp 00000000 00:12 12301                      /usr/lib/libz.so.1.2.8
7fc3f1504000-7fc3f1703000 ---p 00015000 00:12 12301                      /usr/lib/libz.so.1.2.8
7fc3f1703000-7fc3f1704000 r--p 00014000 00:12 12301                      /usr/lib/libz.so.1.2.8
7fc3f1704000-7fc3f1705000 rw-p 00015000 00:12 12301                      /usr/lib/libz.so.1.2.8
7fc3f1705000-7fc3f171d000 r-xp 00000000 00:12 3700                       /usr/lib/libpthread-2.24.so
7fc3f171d000-7fc3f191c000 ---p 00018000 00:12 3700                       /usr/lib/libpthread-2.24.so
7fc3f191c000-7fc3f191d000 r--p 00017000 00:12 3700                       /usr/lib/libpthread-2.24.so
7fc3f191d000-7fc3f191e000 rw-p 00018000 00:12 3700                       /usr/lib/libpthread-2.24.so
7fc3f191e000-7fc3f1922000 rw-p 00000000 00:00 0 
7fc3f1922000-7fc3f1945000 r-xp 00000000 00:12 3718                       /usr/lib/ld-2.24.so
7fc3f1945000-7fc3f194b000 r--s 00036000 00:12 401158                     /home/esengie/.gradle/caches/modules-2/files-2.1/junit/junit/4.11/4e031bb61df09069aeb2bffb4019e7a5034a4ee0/junit-4.11.jar
7fc3f194b000-7fc3f1a16000 rw-p 00000000 00:00 0 
7fc3f1a16000-7fc3f1a19000 ---p 00000000 00:00 0 
7fc3f1a19000-7fc3f1b19000 rw-p 00000000 00:00 0 
7fc3f1b1b000-7fc3f1b1d000 r--s 00009000 00:12 401161                     /home/esengie/.gradle/caches/modules-2/files-2.1/org.hamcrest/hamcrest-core/1.3/42a25dc3219429f0e5d060061f71acb49bf010a0/hamcrest-core-1.3.jar
7fc3f1b1d000-7fc3f1b26000 r--s 00085000 00:12 1642529                    /home/esengie/.gradle/caches/modules-2/files-2.1/org.jetbrains.kotlin/kotlin-stdlib/1.0.5/5784635914dadf0635e7bf3f28f1711317e1433a/kotlin-stdlib-1.0.5.jar
7fc3f1b26000-7fc3f1b27000 r--s 00000000 00:12 338994                     /usr/lib/jvm/java-8-openjdk/jre/lib/management-agent.jar
7fc3f1b27000-7fc3f1b2b000 r--s 00097000 00:12 338996                     /usr/lib/jvm/java-8-openjdk/jre/lib/jsse.jar
7fc3f1b2b000-7fc3f1b2c000 r--s 00009000 00:12 1577613                    /usr/lib/jvm/java-8-openjdk/jre/lib/jfxswt.jar
7fc3f1b2c000-7fc3f1b2f000 r--s 00015000 00:12 338993                     /usr/lib/jvm/java-8-openjdk/jre/lib/jce.jar
7fc3f1b2f000-7fc3f1b34000 r--s 002f9000 00:12 338995                     /usr/lib/jvm/java-8-openjdk/jre/lib/charsets.jar
7fc3f1b34000-7fc3f1b36000 r--s 00024000 00:12 335531                     /usr/share/intellij-idea-ultimate-edition/plugins/junit/lib/junit-rt.jar
7fc3f1b36000-7fc3f1b38000 r--s 0001e000 00:12 333017                     /usr/share/intellij-idea-ultimate-edition/lib/idea_rt.jar
7fc3f1b38000-7fc3f1b40000 rw-s 00000000 00:26 1527476                    /tmp/hsperfdata_esengie/15318
7fc3f1b40000-7fc3f1b41000 rw-p 00000000 00:00 0 
7fc3f1b41000-7fc3f1b42000 ---p 00000000 00:00 0 
7fc3f1b42000-7fc3f1b44000 rw-p 00000000 00:00 0 
7fc3f1b44000-7fc3f1b45000 r--p 00022000 00:12 3718                       /usr/lib/ld-2.24.so
7fc3f1b45000-7fc3f1b46000 rw-p 00023000 00:12 3718                       /usr/lib/ld-2.24.so
7fc3f1b46000-7fc3f1b47000 rw-p 00000000 00:00 0 
7fff96133000-7fff96154000 rw-p 00000000 00:00 0                          [stack]
7fff96182000-7fff96184000 r--p 00000000 00:00 0                          [vvar]
7fff96184000-7fff96186000 r-xp 00000000 00:00 0                          [vdso]
ffffffffff600000-ffffffffff601000 r-xp 00000000 00:00 0                  [vsyscall]

VM Arguments:
jvm_args: -ea -Didea.launcher.port=7539 -Didea.launcher.bin.path=/usr/share/intellij-idea-ultimate-edition/bin -Didea.junit.sm_runner -Dfile.encoding=UTF-8 
java_command: com.intellij.rt.execution.application.AppMain com.intellij.rt.execution.junit.JUnitStarter -ideVersion5 @w@/tmp/idea_working_dirs_junit.tmp @/tmp/idea_junit.tmp -socket38975
java_class_path (initial): /usr/share/intellij-idea-ultimate-edition/lib/idea_rt.jar:/usr/share/intellij-idea-ultimate-edition/plugins/junit/lib/junit-rt.jar:/usr/lib/jvm/java-8-openjdk/jre/lib/charsets.jar:/usr/lib/jvm/java-8-openjdk/jre/lib/ext/cldrdata.jar:/usr/lib/jvm/java-8-openjdk/jre/lib/ext/dnsns.jar:/usr/lib/jvm/java-8-openjdk/jre/lib/ext/jaccess.jar:/usr/lib/jvm/java-8-openjdk/jre/lib/ext/jfxrt.jar:/usr/lib/jvm/java-8-openjdk/jre/lib/ext/localedata.jar:/usr/lib/jvm/java-8-openjdk/jre/lib/ext/nashorn.jar:/usr/lib/jvm/java-8-openjdk/jre/lib/ext/sunec.jar:/usr/lib/jvm/java-8-openjdk/jre/lib/ext/sunjce_provider.jar:/usr/lib/jvm/java-8-openjdk/jre/lib/ext/sunpkcs11.jar:/usr/lib/jvm/java-8-openjdk/jre/lib/ext/zipfs.jar:/usr/lib/jvm/java-8-openjdk/jre/lib/jce.jar:/usr/lib/jvm/java-8-openjdk/jre/lib/jfxswt.jar:/usr/lib/jvm/java-8-openjdk/jre/lib/jsse.jar:/usr/lib/jvm/java-8-openjdk/jre/lib/management-agent.jar:/usr/lib/jvm/java-8-openjdk/jre/lib/resources.jar:/usr/lib/jvm/java-8-openjdk/jre/lib/rt.jar:/home/esengie/Programming/au/Kotlin/hw/HW6Bloxorz/hometask6/build/classes/test:/home/esengie/Programming/au/Kotlin/hw/HW6Bloxorz/hometask6/build/classes/main:/home/esengie/.gradle/caches/modules-2/files-2.1/org.jetbrains.kotlin/kotlin-stdlib/1.0.5/5784635914dadf0635e7bf3f28f1711317e1433a/kotlin-stdlib-1.0.5.jar:/home/esengie/.gradle/caches/modules-2/files-2.1/junit/junit/4.11/4e031bb61df09069aeb2bffb4019e7a5034a4ee0/junit-4.11.jar:/home/esengie/.gradle/caches/modules-2/files-2.1/org.jetbrains.kotlin/kotlin-runtime/1.0.5/67d6f90bf8ed20fcdc78a23fcdc6804749d24498/kotlin-runtime-1.0.5.jar:/home/esengie/.gradle/caches/modules-2/files-2.1/org.hamcrest/hamcrest-core/1.3/42a25dc3219429f0e5d060061f71acb49bf010a0/hamcrest-core-1.3.jar
Launcher Type: SUN_STANDARD

Environment Variables:
PATH=/usr/local/sbin:/usr/local/bin:/usr/bin:/usr/lib/jvm/default/bin:/usr/bin/site_perl:/usr/bin/vendor_perl:/usr/bin/core_perl
USERNAME=esengie
LD_LIBRARY_PATH=/usr/share/intellij-idea-ultimate-edition/bin:
SHELL=/usr/bin/zsh
DISPLAY=:0

Signal Handlers:
SIGSEGV: [libjvm.so+0xa64890], sa_mask[0]=11111111011111111101111111111110, sa_flags=SA_RESTART|SA_SIGINFO
SIGBUS: [libjvm.so+0xa64890], sa_mask[0]=11111111011111111101111111111110, sa_flags=SA_RESTART|SA_SIGINFO
SIGFPE: [libjvm.so+0x8afab0], sa_mask[0]=11111111011111111101111111111110, sa_flags=SA_RESTART|SA_SIGINFO
SIGPIPE: [libjvm.so+0x8afab0], sa_mask[0]=11111111011111111101111111111110, sa_flags=SA_RESTART|SA_SIGINFO
SIGXFSZ: [libjvm.so+0x8afab0], sa_mask[0]=11111111011111111101111111111110, sa_flags=SA_RESTART|SA_SIGINFO
SIGILL: [libjvm.so+0x8afab0], sa_mask[0]=11111111011111111101111111111110, sa_flags=SA_RESTART|SA_SIGINFO
SIGUSR1: SIG_DFL, sa_mask[0]=00000000000000000000000000000000, sa_flags=none
SIGUSR2: [libjvm.so+0x8af960], sa_mask[0]=00100000000000000000000000000000, sa_flags=SA_RESTART|SA_SIGINFO
SIGHUP: [libjvm.so+0x8afe10], sa_mask[0]=11111111011111111101111111111110, sa_flags=SA_RESTART|SA_SIGINFO
SIGINT: [libjvm.so+0x8afe10], sa_mask[0]=11111111011111111101111111111110, sa_flags=SA_RESTART|SA_SIGINFO
SIGTERM: [libjvm.so+0x8afe10], sa_mask[0]=11111111011111111101111111111110, sa_flags=SA_RESTART|SA_SIGINFO
SIGQUIT: [libjvm.so+0x8afe10], sa_mask[0]=11111111011111111101111111111110, sa_flags=SA_RESTART|SA_SIGINFO


---------------  S Y S T E M  ---------------

OS:NAME="Arch Linux"
ID=arch
PRETTY_NAME="Arch Linux"
ANSI_COLOR="0;36"
HOME_URL="https://www.archlinux.org/"
SUPPORT_URL="https://bbs.archlinux.org/"
BUG_REPORT_URL="https://bugs.archlinux.org/"


uname:Linux 4.7.0-1-ARCH #1 SMP PREEMPT Mon Aug 8 22:05:58 CEST 2016 x86_64
libc:glibc 2.24 NPTL 2.24 
rlimit: STACK 8192k, CORE infinity, NPROC 30993, NOFILE 4096, AS infinity
load average:1.65 0.77 0.59

/proc/meminfo:
MemTotal:        8023708 kB
MemFree:          130408 kB
MemAvailable:     139612 kB
Buffers:             516 kB
Cached:           646368 kB
SwapCached:            0 kB
Active:          7082832 kB
Inactive:         529140 kB
Active(anon):    6977632 kB
Inactive(anon):   430360 kB
Active(file):     105200 kB
Inactive(file):    98780 kB
Unevictable:        1000 kB
Mlocked:            1000 kB
SwapTotal:             0 kB
SwapFree:              0 kB
Dirty:               676 kB
Writeback:             0 kB
AnonPages:       6966272 kB
Mapped:           292408 kB
Shmem:            442680 kB
Slab:             109244 kB
SReclaimable:      61456 kB
SUnreclaim:        47788 kB
KernelStack:       13984 kB
PageTables:        68444 kB
NFS_Unstable:          0 kB
Bounce:                0 kB
WritebackTmp:          0 kB
CommitLimit:     4011852 kB
Committed_AS:   14902580 kB
VmallocTotal:   34359738367 kB
VmallocUsed:           0 kB
VmallocChunk:          0 kB
HardwareCorrupted:     0 kB
AnonHugePages:   1675264 kB
HugePages_Total:       0
HugePages_Free:        0
HugePages_Rsvd:        0
HugePages_Surp:        0
Hugepagesize:       2048 kB
DirectMap4k:     1418492 kB
DirectMap2M:     6813696 kB
DirectMap1G:           0 kB


CPU:total 4 (2 cores per cpu, 2 threads per core) family 6 model 78 stepping 3, cmov, cx8, fxsr, mmx, sse, sse2, sse3, ssse3, sse4.1, sse4.2, popcnt, avx, avx2, aes, clmul, erms, 3dnowpref, lzcnt, ht, tsc, tscinvbit, bmi1, bmi2, adx

/proc/cpuinfo:
processor	: 0
vendor_id	: GenuineIntel
cpu family	: 6
model		: 78
model name	: Intel(R) Core(TM) i5-6200U CPU @ 2.30GHz
stepping	: 3
microcode	: 0x8a
cpu MHz		: 2741.894
cache size	: 3072 KB
physical id	: 0
siblings	: 4
core id		: 0
cpu cores	: 2
apicid		: 0
initial apicid	: 0
fpu		: yes
fpu_exception	: yes
cpuid level	: 22
wp		: yes
flags		: fpu vme de pse tsc msr pae mce cx8 apic sep mtrr pge mca cmov pat pse36 clflush dts acpi mmx fxsr sse sse2 ss ht tm pbe syscall nx pdpe1gb rdtscp lm constant_tsc art arch_perfmon pebs bts rep_good nopl xtopology nonstop_tsc aperfmperf eagerfpu pni pclmulqdq dtes64 monitor ds_cpl vmx est tm2 ssse3 sdbg fma cx16 xtpr pdcm pcid sse4_1 sse4_2 x2apic movbe popcnt tsc_deadline_timer aes xsave avx f16c rdrand lahf_lm abm 3dnowprefetch epb intel_pt tpr_shadow vnmi flexpriority ept vpid fsgsbase tsc_adjust bmi1 avx2 smep bmi2 erms invpcid mpx rdseed adx smap clflushopt xsaveopt xsavec xgetbv1 dtherm ida arat pln pts hwp hwp_notify hwp_act_window hwp_epp
bugs		:
bogomips	: 4801.91
clflush size	: 64
cache_alignment	: 64
address sizes	: 39 bits physical, 48 bits virtual
power management:

processor	: 1
vendor_id	: GenuineIntel
cpu family	: 6
model		: 78
model name	: Intel(R) Core(TM) i5-6200U CPU @ 2.30GHz
stepping	: 3
microcode	: 0x8a
cpu MHz		: 2700.000
cache size	: 3072 KB
physical id	: 0
siblings	: 4
core id		: 1
cpu cores	: 2
apicid		: 2
initial apicid	: 2
fpu		: yes
fpu_exception	: yes
cpuid level	: 22
wp		: yes
flags		: fpu vme de pse tsc msr pae mce cx8 apic sep mtrr pge mca cmov pat pse36 clflush dts acpi mmx fxsr sse sse2 ss ht tm pbe syscall nx pdpe1gb rdtscp lm constant_tsc art arch_perfmon pebs bts rep_good nopl xtopology nonstop_tsc aperfmperf eagerfpu pni pclmulqdq dtes64 monitor ds_cpl vmx est tm2 ssse3 sdbg fma cx16 xtpr pdcm pcid sse4_1 sse4_2 x2apic movbe popcnt tsc_deadline_timer aes xsave avx f16c rdrand lahf_lm abm 3dnowprefetch epb intel_pt tpr_shadow vnmi flexpriority ept vpid fsgsbase tsc_adjust bmi1 avx2 smep bmi2 erms invpcid mpx rdseed adx smap clflushopt xsaveopt xsavec xgetbv1 dtherm ida arat pln pts hwp hwp_notify hwp_act_window hwp_epp
bugs		:
bogomips	: 4802.11
clflush size	: 64
cache_alignment	: 64
address sizes	: 39 bits physical, 48 bits virtual
power management:

processor	: 2
vendor_id	: GenuineIntel
cpu family	: 6
model		: 78
model name	: Intel(R) Core(TM) i5-6200U CPU @ 2.30GHz
stepping	: 3
microcode	: 0x8a
cpu MHz		: 2721.386
cache size	: 3072 KB
physical id	: 0
siblings	: 4
core id		: 0
cpu cores	: 2
apicid		: 1
initial apicid	: 1
fpu		: yes
fpu_exception	: yes
cpuid level	: 22
wp		: yes
flags		: fpu vme de pse tsc msr pae mce cx8 apic sep mtrr pge mca cmov pat pse36 clflush dts acpi mmx fxsr sse sse2 ss ht tm pbe syscall nx pdpe1gb rdtscp lm constant_tsc art arch_perfmon pebs bts rep_good nopl xtopology nonstop_tsc aperfmperf eagerfpu pni pclmulqdq dtes64 monitor ds_cpl vmx est tm2 ssse3 sdbg fma cx16 xtpr pdcm pcid sse4_1 sse4_2 x2apic movbe popcnt tsc_deadline_timer aes xsave avx f16c rdrand lahf_lm abm 3dnowprefetch epb intel_pt tpr_shadow vnmi flexpriority ept vpid fsgsbase tsc_adjust bmi1 avx2 smep bmi2 erms invpcid mpx rdseed adx smap clflushopt xsaveopt xsavec xgetbv1 dtherm ida arat pln pts hwp hwp_notify hwp_act_window hwp_epp
bugs		:
bogomips	: 4803.72
clflush size	: 64
cache_alignment	: 64
address sizes	: 39 bits physical, 48 bits virtual
power management:

processor	: 3
vendor_id	: GenuineIntel
cpu family	: 6
model		: 78
model name	: Intel(R) Core(TM) i5-6200U CPU @ 2.30GHz
stepping	: 3
microcode	: 0x8a
cpu MHz		: 2699.853
cache size	: 3072 KB
physical id	: 0
siblings	: 4
core id		: 1
cpu cores	: 2
apicid		: 3
initial apicid	: 3
fpu		: yes
fpu_exception	: yes
cpuid level	: 22
wp		: yes
flags		: fpu vme de pse tsc msr pae mce cx8 apic sep mtrr pge mca cmov pat pse36 clflush dts acpi mmx fxsr sse sse2 ss ht tm pbe syscall nx pdpe1gb rdtscp lm constant_tsc art arch_perfmon pebs bts rep_good nopl xtopology nonstop_tsc aperfmperf eagerfpu pni pclmulqdq dtes64 monitor ds_cpl vmx est tm2 ssse3 sdbg fma cx16 xtpr pdcm pcid sse4_1 sse4_2 x2apic movbe popcnt tsc_deadline_timer aes xsave avx f16c rdrand lahf_lm abm 3dnowprefetch epb intel_pt tpr_shadow vnmi flexpriority ept vpid fsgsbase tsc_adjust bmi1 avx2 smep bmi2 erms invpcid mpx rdseed adx smap clflushopt xsaveopt xsavec xgetbv1 dtherm ida arat pln pts hwp hwp_notify hwp_act_window hwp_epp
bugs		:
bogomips	: 4803.23
clflush size	: 64
cache_alignment	: 64
address sizes	: 39 bits physical, 48 bits virtual
power management:



Memory: 4k page, physical 8023708k(130532k free), swap 0k(0k free)

vm_info: OpenJDK 64-Bit Server VM (25.102-b14) for linux-amd64 JRE (1.8.0_102-b14), built on Jul 27 2016 07:46:42 by "builduser" with gcc 6.1.1 20160707

time: Wed Nov 23 23:56:02 2016
elapsed time: 55 seconds (0d 0h 0m 55s)

